info it worked if it ends with ok
verbose cli [ 'node', '/usr/bin/npm', 'install', '--global', 'chokidar' ]
info using npm@1.1.4
info using node@v0.6.12
verbose config file /home/tstrauss/.npmrc
verbose config file /usr/etc/npmrc
verbose config file /usr/share/npm/npmrc
silly exec /usr/bin/node "/usr/share/npm/bin/npm-get-uid-gid.js" "nobody" 33
silly spawning [ '/usr/bin/node',
silly spawning   [ '/usr/share/npm/bin/npm-get-uid-gid.js', 'nobody', 33 ],
silly spawning   null ]
silly output from getuid/gid {"uid":65534,"gid":33}
silly output from getuid/gid 
verbose cache add [ 'chokidar', null ]
silly cache add: name, spec, args [ undefined, 'chokidar', [ 'chokidar', null ] ]
verbose parsed url { pathname: 'chokidar', path: 'chokidar', href: 'chokidar' }
verbose addNamed [ 'chokidar', '' ]
verbose addNamed [ null, '' ]
silly name, range, hasData [ 'chokidar', '', false ]
verbose raw, before any munging chokidar
verbose url resolving [ 'http://registry.npmjs.org/', './chokidar' ]
verbose url resolved http://registry.npmjs.org/chokidar
verbose etag "7T5ANCH8MVT7599GI87JWJA8P"
http GET http://registry.npmjs.org/chokidar
http 304 http://registry.npmjs.org/chokidar
silly get cb [ 304,
silly get cb   { date: 'Fri, 30 Oct 2015 14:47:17 GMT',
silly get cb     via: '1.1 varnish',
silly get cb     'cache-control': 'max-age=60',
silly get cb     etag: '"7T5ANCH8MVT7599GI87JWJA8P"',
silly get cb     age: '1',
silly get cb     connection: 'keep-alive',
silly get cb     'x-served-by': 'cache-atl6223-ATL',
silly get cb     'x-cache': 'HIT',
silly get cb     'x-cache-hits': '1',
silly get cb     'x-timer': 'S1446216437.701542,VS0,VE3',
silly get cb     vary: 'Accept' } ]
verbose etag chokidar from cache
silly name, range, hasData 2 [ 'chokidar', '', true ]
silly versions [ 'chokidar',
silly versions   [ '0.1.1',
silly versions     '0.2.0',
silly versions     '0.2.1',
silly versions     '0.2.2',
silly versions     '0.2.3',
silly versions     '0.2.4',
silly versions     '0.2.5',
silly versions     '0.2.6',
silly versions     '0.3.0',
silly versions     '0.4.0',
silly versions     '0.5.0',
silly versions     '0.5.1',
silly versions     '0.5.2',
silly versions     '0.5.3',
silly versions     '0.6.0',
silly versions     '0.6.1',
silly versions     '0.6.2',
silly versions     '0.6.3',
silly versions     '0.7.0',
silly versions     '0.7.1',
silly versions     '0.8.0',
silly versions     '0.8.1',
silly versions     '0.8.2',
silly versions     '0.8.3',
silly versions     '0.8.4',
silly versions     '0.9.0',
silly versions     '0.10.0',
silly versions     '0.10.1',
silly versions     '0.10.2',
silly versions     '0.10.3',
silly versions     '0.10.4',
silly versions     '0.10.5',
silly versions     '0.10.6',
silly versions     '0.10.7',
silly versions     '0.10.8',
silly versions     '0.10.9',
silly versions     '0.11.0',
silly versions     '0.11.1',
silly versions     '0.12.0',
silly versions     '0.12.1',
silly versions     '0.12.2',
silly versions     '0.12.3',
silly versions     '0.12.4',
silly versions     '0.12.5',
silly versions     '0.12.6',
silly versions     '1.0.0-rc1',
silly versions     '1.0.0-rc1.1',
silly versions     '1.0.0-rc2',
silly versions     '1.0.0-rc3',
silly versions     '1.0.0-rc4',
silly versions     '1.0.0-rc5',
silly versions     '1.0.0',
silly versions     '1.0.1',
silly versions     '1.0.2',
silly versions     '1.0.3',
silly versions     '1.0.4',
silly versions     '1.0.5',
silly versions     '1.0.6',
silly versions     '1.1.0',
silly versions     '1.2.0' ] ]
verbose bin dist [ '0.6-ares1.7.5-evundefined-openssl1.0.1-v83.7.12.22-linux-x64-3.5.0-54-generic',
verbose bin dist   { shasum: 'd7cc02d05e94092ddfacad488ebebe588ff2ff30',
verbose bin dist     tarball: 'http://registry.npmjs.org/chokidar/-/chokidar-1.2.0.tgz' } ]
verbose caching /home/tstrauss/.npm/chokidar/1.2.0/package/package.json
verbose loadDefaults chokidar@1.2.0
silly resolved [ { name: 'chokidar',
silly resolved     description: 'A neat wrapper around node.js fs.watch / fs.watchFile / fsevents.',
silly resolved     version: '1.2.0',
silly resolved     keywords: 
silly resolved      [ 'fs',
silly resolved        'watch',
silly resolved        'watchFile',
silly resolved        'watcher',
silly resolved        'watching',
silly resolved        'file',
silly resolved        'fsevents' ],
silly resolved     homepage: 'https://github.com/paulmillr/chokidar',
silly resolved     author: { name: 'Paul Miller', url: 'http://paulmillr.com' },
silly resolved     repository: { type: 'git', url: 'git://github.com/paulmillr/chokidar.git' },
silly resolved     bugs: { url: 'http://github.com/paulmillr/chokidar/issues' },
silly resolved     license: 'MIT',
silly resolved     scripts: 
silly resolved      { test: 'istanbul test node_modules/mocha/bin/_mocha',
silly resolved        'ci-test': 'istanbul cover _mocha && cat ./coverage/lcov.info | coveralls' },
silly resolved     files: [ 'index.js', 'lib/' ],
silly resolved     devDependencies: 
silly resolved      { chai: '^3.2.0',
silly resolved        coveralls: '^2.11.2',
silly resolved        istanbul: '^0.3.20',
silly resolved        mocha: '^2.0.0',
silly resolved        sinon: '^1.10.3',
silly resolved        'sinon-chai': '^2.6.0' },
silly resolved     optionalDependencies: { fsevents: '^1.0.0' },
silly resolved     dependencies: 
silly resolved      { anymatch: '^1.1.0',
silly resolved        arrify: '^1.0.0',
silly resolved        'async-each': '^0.1.5',
silly resolved        'glob-parent': '^2.0.0',
silly resolved        'is-binary-path': '^1.0.0',
silly resolved        'is-glob': '^2.0.0',
silly resolved        'lodash.flatten': '^3.0.2',
silly resolved        'path-is-absolute': '^1.0.0',
silly resolved        readdirp: '^2.0.0',
silly resolved        fsevents: '^1.0.0' },
silly resolved     _id: 'chokidar@1.2.0',
silly resolved     engines: { node: '*' },
silly resolved     _engineSupported: true,
silly resolved     _npmVersion: '1.1.4',
silly resolved     _nodeVersion: 'v0.6.12',
silly resolved     _defaultsLoaded: true,
silly resolved     _from: 'chokidar' } ]
info into /usr/local/lib chokidar@1.2.0
info installOne chokidar@1.2.0
verbose from cache /home/tstrauss/.npm/chokidar/1.2.0/package/package.json
info unbuild /usr/local/lib/node_modules/chokidar
verbose mkdir (expected) error ENOENT, no such file or directory '/usr/local/lib/node_modules/___chokidar.npm'
verbose mkdir done: /usr/local/lib/node_modules/___chokidar.npm 755
verbose unpack_ uid, gid [ 65534, 33 ]
verbose unpackTarget /usr/local/lib/node_modules/chokidar
silly gunzTarPerm modes [ '755', '644' ]
silly afterUntar ok
silly asyncMap in gTP /usr/local/lib/node_modules/___chokidar.npm/package
silly asyncMap in gTP /usr/local/lib/node_modules/___chokidar.npm/package/index.js
silly asyncMap in gTP /usr/local/lib/node_modules/___chokidar.npm/package/package.json
silly asyncMap in gTP /usr/local/lib/node_modules/___chokidar.npm/package/lib
silly asyncMap in gTP /usr/local/lib/node_modules/___chokidar.npm/package/lib/nodefs-handler.js
silly asyncMap in gTP /usr/local/lib/node_modules/___chokidar.npm/package/lib/fsevents-handler.js
verbose gunzed /usr/local/lib/node_modules/___chokidar.npm/package
verbose rm'ed /usr/local/lib/node_modules/chokidar
verbose renamed [ '/usr/local/lib/node_modules/___chokidar.npm/package',
verbose renamed   '/usr/local/lib/node_modules/chokidar' ]
verbose caching /usr/local/lib/node_modules/chokidar/package.json
verbose loadDefaults chokidar@1.2.0
info preinstall chokidar@1.2.0
verbose from cache /usr/local/lib/node_modules/chokidar/package.json
verbose readDependencies: using package.json deps
verbose from cache /usr/local/lib/node_modules/chokidar/package.json
verbose readDependencies: using package.json deps
verbose cache add [ 'anymatch@^1.1.0', null ]
silly cache add: name, spec, args [ undefined, 'anymatch@^1.1.0', [ 'anymatch@^1.1.0', null ] ]
verbose parsed url { pathname: 'anymatch@^1.1.0',
verbose parsed url   path: 'anymatch@^1.1.0',
verbose parsed url   href: 'anymatch@^1.1.0' }
silly cache add: name, spec, args [ 'anymatch', '^1.1.0', [ 'anymatch', '^1.1.0' ] ]
verbose parsed url { pathname: '^1.1.0', path: '^1.1.0', href: '^1.1.0' }
verbose addNamed [ 'anymatch', '^1.1.0' ]
verbose addNamed [ null, null ]
info addNameTag [ 'anymatch', '^1.1.0' ]
verbose raw, before any munging anymatch
verbose url resolving [ 'http://registry.npmjs.org/', './anymatch' ]
verbose url resolved http://registry.npmjs.org/anymatch
verbose etag "4IANVPLQZ97TIE03ALV024ATK"
http GET http://registry.npmjs.org/anymatch
verbose cache add [ 'arrify@^1.0.0', null ]
silly cache add: name, spec, args [ undefined, 'arrify@^1.0.0', [ 'arrify@^1.0.0', null ] ]
verbose parsed url { pathname: 'arrify@^1.0.0',
verbose parsed url   path: 'arrify@^1.0.0',
verbose parsed url   href: 'arrify@^1.0.0' }
silly cache add: name, spec, args [ 'arrify', '^1.0.0', [ 'arrify', '^1.0.0' ] ]
verbose parsed url { pathname: '^1.0.0', path: '^1.0.0', href: '^1.0.0' }
verbose addNamed [ 'arrify', '^1.0.0' ]
verbose addNamed [ null, null ]
info addNameTag [ 'arrify', '^1.0.0' ]
verbose cache add [ 'async-each@^0.1.5', null ]
silly cache add: name, spec, args [ undefined, 'async-each@^0.1.5', [ 'async-each@^0.1.5', null ] ]
verbose parsed url { pathname: 'async-each@^0.1.5',
verbose parsed url   path: 'async-each@^0.1.5',
verbose parsed url   href: 'async-each@^0.1.5' }
silly cache add: name, spec, args [ 'async-each', '^0.1.5', [ 'async-each', '^0.1.5' ] ]
verbose parsed url { pathname: '^0.1.5', path: '^0.1.5', href: '^0.1.5' }
verbose addNamed [ 'async-each', '^0.1.5' ]
verbose addNamed [ null, null ]
info addNameTag [ 'async-each', '^0.1.5' ]
verbose raw, before any munging arrify
verbose url resolving [ 'http://registry.npmjs.org/', './arrify' ]
verbose url resolved http://registry.npmjs.org/arrify
verbose etag "1U5Y6L6Y9KMFZ5Q1XO6IUHU5V"
http GET http://registry.npmjs.org/arrify
verbose raw, before any munging async-each
verbose url resolving [ 'http://registry.npmjs.org/', './async-each' ]
verbose url resolved http://registry.npmjs.org/async-each
verbose etag "UP4GHR4IUZTNBDNFDCQ4VVYG"
http GET http://registry.npmjs.org/async-each
verbose cache add [ 'glob-parent@^2.0.0', null ]
silly cache add: name, spec, args [ undefined,
silly cache add: name, spec, args   'glob-parent@^2.0.0',
silly cache add: name, spec, args   [ 'glob-parent@^2.0.0', null ] ]
verbose parsed url { pathname: 'glob-parent@^2.0.0',
verbose parsed url   path: 'glob-parent@^2.0.0',
verbose parsed url   href: 'glob-parent@^2.0.0' }
silly cache add: name, spec, args [ 'glob-parent', '^2.0.0', [ 'glob-parent', '^2.0.0' ] ]
verbose parsed url { pathname: '^2.0.0', path: '^2.0.0', href: '^2.0.0' }
verbose addNamed [ 'glob-parent', '^2.0.0' ]
verbose addNamed [ null, null ]
info addNameTag [ 'glob-parent', '^2.0.0' ]
verbose cache add [ 'is-binary-path@^1.0.0', null ]
silly cache add: name, spec, args [ undefined,
silly cache add: name, spec, args   'is-binary-path@^1.0.0',
silly cache add: name, spec, args   [ 'is-binary-path@^1.0.0', null ] ]
verbose parsed url { pathname: 'is-binary-path@^1.0.0',
verbose parsed url   path: 'is-binary-path@^1.0.0',
verbose parsed url   href: 'is-binary-path@^1.0.0' }
silly cache add: name, spec, args [ 'is-binary-path', '^1.0.0', [ 'is-binary-path', '^1.0.0' ] ]
verbose parsed url { pathname: '^1.0.0', path: '^1.0.0', href: '^1.0.0' }
verbose addNamed [ 'is-binary-path', '^1.0.0' ]
verbose addNamed [ null, null ]
info addNameTag [ 'is-binary-path', '^1.0.0' ]
verbose cache add [ 'is-glob@^2.0.0', null ]
silly cache add: name, spec, args [ undefined, 'is-glob@^2.0.0', [ 'is-glob@^2.0.0', null ] ]
verbose parsed url { pathname: 'is-glob@^2.0.0',
verbose parsed url   path: 'is-glob@^2.0.0',
verbose parsed url   href: 'is-glob@^2.0.0' }
silly cache add: name, spec, args [ 'is-glob', '^2.0.0', [ 'is-glob', '^2.0.0' ] ]
verbose parsed url { pathname: '^2.0.0', path: '^2.0.0', href: '^2.0.0' }
verbose addNamed [ 'is-glob', '^2.0.0' ]
verbose addNamed [ null, null ]
info addNameTag [ 'is-glob', '^2.0.0' ]
verbose raw, before any munging glob-parent
verbose url resolving [ 'http://registry.npmjs.org/', './glob-parent' ]
verbose url resolved http://registry.npmjs.org/glob-parent
verbose etag "8701O6YL90ES6PNM2NRNZQ22A"
http GET http://registry.npmjs.org/glob-parent
verbose raw, before any munging is-binary-path
verbose url resolving [ 'http://registry.npmjs.org/', './is-binary-path' ]
verbose url resolved http://registry.npmjs.org/is-binary-path
verbose etag "9UPEVFUU3D0EQPLGFC7TPVCY4"
http GET http://registry.npmjs.org/is-binary-path
verbose raw, before any munging is-glob
verbose url resolving [ 'http://registry.npmjs.org/', './is-glob' ]
verbose url resolved http://registry.npmjs.org/is-glob
verbose etag "9MGAC080E92DAJF3MUK7AZMG5"
http GET http://registry.npmjs.org/is-glob
verbose cache add [ 'lodash.flatten@^3.0.2', null ]
silly cache add: name, spec, args [ undefined,
silly cache add: name, spec, args   'lodash.flatten@^3.0.2',
silly cache add: name, spec, args   [ 'lodash.flatten@^3.0.2', null ] ]
verbose parsed url { pathname: 'lodash.flatten@^3.0.2',
verbose parsed url   path: 'lodash.flatten@^3.0.2',
verbose parsed url   href: 'lodash.flatten@^3.0.2' }
silly cache add: name, spec, args [ 'lodash.flatten', '^3.0.2', [ 'lodash.flatten', '^3.0.2' ] ]
verbose parsed url { pathname: '^3.0.2', path: '^3.0.2', href: '^3.0.2' }
verbose addNamed [ 'lodash.flatten', '^3.0.2' ]
verbose addNamed [ null, null ]
info addNameTag [ 'lodash.flatten', '^3.0.2' ]
verbose cache add [ 'path-is-absolute@^1.0.0', null ]
silly cache add: name, spec, args [ undefined,
silly cache add: name, spec, args   'path-is-absolute@^1.0.0',
silly cache add: name, spec, args   [ 'path-is-absolute@^1.0.0', null ] ]
verbose parsed url { pathname: 'path-is-absolute@^1.0.0',
verbose parsed url   path: 'path-is-absolute@^1.0.0',
verbose parsed url   href: 'path-is-absolute@^1.0.0' }
silly cache add: name, spec, args [ 'path-is-absolute',
silly cache add: name, spec, args   '^1.0.0',
silly cache add: name, spec, args   [ 'path-is-absolute', '^1.0.0' ] ]
verbose parsed url { pathname: '^1.0.0', path: '^1.0.0', href: '^1.0.0' }
verbose addNamed [ 'path-is-absolute', '^1.0.0' ]
verbose addNamed [ null, null ]
info addNameTag [ 'path-is-absolute', '^1.0.0' ]
verbose raw, before any munging lodash.flatten
verbose url resolving [ 'http://registry.npmjs.org/', './lodash.flatten' ]
verbose url resolved http://registry.npmjs.org/lodash.flatten
verbose etag "DU72THKUKN0D9NNBD992ACULL"
http GET http://registry.npmjs.org/lodash.flatten
verbose raw, before any munging path-is-absolute
verbose url resolving [ 'http://registry.npmjs.org/', './path-is-absolute' ]
verbose url resolved http://registry.npmjs.org/path-is-absolute
verbose etag "28JNKEBCL0V9HRWV1FZK3S0HB"
http GET http://registry.npmjs.org/path-is-absolute
verbose cache add [ 'readdirp@^2.0.0', null ]
silly cache add: name, spec, args [ undefined, 'readdirp@^2.0.0', [ 'readdirp@^2.0.0', null ] ]
verbose parsed url { pathname: 'readdirp@^2.0.0',
verbose parsed url   path: 'readdirp@^2.0.0',
verbose parsed url   href: 'readdirp@^2.0.0' }
silly cache add: name, spec, args [ 'readdirp', '^2.0.0', [ 'readdirp', '^2.0.0' ] ]
verbose parsed url { pathname: '^2.0.0', path: '^2.0.0', href: '^2.0.0' }
verbose addNamed [ 'readdirp', '^2.0.0' ]
verbose addNamed [ null, null ]
info addNameTag [ 'readdirp', '^2.0.0' ]
verbose cache add [ 'fsevents@^1.0.0', null ]
silly cache add: name, spec, args [ undefined, 'fsevents@^1.0.0', [ 'fsevents@^1.0.0', null ] ]
verbose parsed url { pathname: 'fsevents@^1.0.0',
verbose parsed url   path: 'fsevents@^1.0.0',
verbose parsed url   href: 'fsevents@^1.0.0' }
silly cache add: name, spec, args [ 'fsevents', '^1.0.0', [ 'fsevents', '^1.0.0' ] ]
verbose parsed url { pathname: '^1.0.0', path: '^1.0.0', href: '^1.0.0' }
verbose addNamed [ 'fsevents', '^1.0.0' ]
verbose addNamed [ null, null ]
info addNameTag [ 'fsevents', '^1.0.0' ]
verbose raw, before any munging readdirp
verbose url resolving [ 'http://registry.npmjs.org/', './readdirp' ]
verbose url resolved http://registry.npmjs.org/readdirp
verbose etag "COCTXE1WWQR4V0VYMHY6H3M61"
http GET http://registry.npmjs.org/readdirp
verbose raw, before any munging fsevents
verbose url resolving [ 'http://registry.npmjs.org/', './fsevents' ]
verbose url resolved http://registry.npmjs.org/fsevents
verbose etag "AZ5QO34N2Q08Z9V6VR2LGB0U3"
http GET http://registry.npmjs.org/fsevents
http 304 http://registry.npmjs.org/arrify
silly get cb [ 304,
silly get cb   { date: 'Fri, 30 Oct 2015 14:47:17 GMT',
silly get cb     via: '1.1 varnish',
silly get cb     'cache-control': 'max-age=60',
silly get cb     etag: '"1U5Y6L6Y9KMFZ5Q1XO6IUHU5V"',
silly get cb     age: '57',
silly get cb     connection: 'keep-alive',
silly get cb     'x-served-by': 'cache-atl6226-ATL',
silly get cb     'x-cache': 'HIT',
silly get cb     'x-cache-hits': '8',
silly get cb     'x-timer': 'S1446216437.798865,VS0,VE0',
silly get cb     vary: 'Accept' } ]
verbose etag arrify from cache
http 304 http://registry.npmjs.org/anymatch
silly get cb [ 304,
silly get cb   { date: 'Fri, 30 Oct 2015 14:47:17 GMT',
silly get cb     via: '1.1 varnish',
silly get cb     'cache-control': 'max-age=60',
silly get cb     etag: '"4IANVPLQZ97TIE03ALV024ATK"',
silly get cb     age: '4',
silly get cb     connection: 'keep-alive',
silly get cb     'x-served-by': 'cache-atl6220-ATL',
silly get cb     'x-cache': 'HIT',
silly get cb     'x-cache-hits': '1',
silly get cb     'x-timer': 'S1446216437.798531,VS0,VE1',
silly get cb     vary: 'Accept' } ]
verbose etag anymatch from cache
http 304 http://registry.npmjs.org/is-binary-path
silly get cb [ 304,
silly get cb   { date: 'Fri, 30 Oct 2015 14:47:17 GMT',
silly get cb     via: '1.1 varnish',
silly get cb     'cache-control': 'max-age=60',
silly get cb     etag: '"9UPEVFUU3D0EQPLGFC7TPVCY4"',
silly get cb     age: '32',
silly get cb     connection: 'keep-alive',
silly get cb     'x-served-by': 'cache-atl6226-ATL',
silly get cb     'x-cache': 'HIT',
silly get cb     'x-cache-hits': '4',
silly get cb     'x-timer': 'S1446216437.800935,VS0,VE0',
silly get cb     vary: 'Accept' } ]
verbose etag is-binary-path from cache
http 304 http://registry.npmjs.org/async-each
silly get cb [ 304,
silly get cb   { date: 'Fri, 30 Oct 2015 14:47:17 GMT',
silly get cb     via: '1.1 varnish',
silly get cb     'cache-control': 'max-age=60',
silly get cb     etag: '"UP4GHR4IUZTNBDNFDCQ4VVYG"',
silly get cb     age: '43',
silly get cb     connection: 'keep-alive',
silly get cb     'x-served-by': 'cache-atl6229-ATL',
silly get cb     'x-cache': 'HIT',
silly get cb     'x-cache-hits': '3',
silly get cb     'x-timer': 'S1446216437.801763,VS0,VE0',
silly get cb     vary: 'Accept' } ]
verbose etag async-each from cache
verbose about to build /usr/local/lib/node_modules/chokidar
ERR! error installing chokidar@1.2.0
info unbuild /usr/local/lib/node_modules/chokidar
verbose from cache /usr/local/lib/node_modules/chokidar/package.json
info preuninstall chokidar@1.2.0
info uninstall chokidar@1.2.0
verbose unbuild chokidar@1.2.0 [ true,
verbose unbuild chokidar@1.2.0   '/usr/local/lib/node_modules',
verbose unbuild chokidar@1.2.0   '/usr/local/lib/node_modules' ]
info postuninstall chokidar@1.2.0
http 304 http://registry.npmjs.org/glob-parent
silly get cb [ 304,
silly get cb   { date: 'Fri, 30 Oct 2015 14:47:17 GMT',
silly get cb     via: '1.1 varnish',
silly get cb     'cache-control': 'max-age=60',
silly get cb     etag: '"8701O6YL90ES6PNM2NRNZQ22A"',
silly get cb     age: '56',
silly get cb     connection: 'keep-alive',
silly get cb     'x-served-by': 'cache-atl6234-ATL',
silly get cb     'x-cache': 'HIT',
silly get cb     'x-cache-hits': '3',
silly get cb     'x-timer': 'S1446216437.803701,VS0,VE0',
silly get cb     vary: 'Accept' } ]
verbose etag glob-parent from cache
verbose installOne cb chokidar@1.2.0
ERR! Error: No compatible version found: arrify@'^1.0.0'
ERR! No valid targets found.
ERR! Perhaps not compatible with your version of node?
ERR!     at installTargetsError (/usr/share/npm/lib/cache.js:488:10)
ERR!     at /usr/share/npm/lib/cache.js:375:15
ERR!     at saved (/usr/share/npm/lib/utils/npm-registry-client/get.js:147:7)
ERR!     at Object.oncomplete (/usr/lib/nodejs/graceful-fs.js:230:7)
ERR! You may report this log at:
ERR!     <http://bugs.debian.org/npm>
ERR! or use
ERR!     reportbug --attach /var/www/loris1B/modules/reporting/npm-debug.log npm
ERR! 
ERR! System Linux 3.5.0-54-generic
ERR! command "node" "/usr/bin/npm" "install" "--global" "chokidar"
ERR! cwd /var/www/loris1B/modules/reporting
ERR! node -v v0.6.12
ERR! npm -v 1.1.4
ERR! message No compatible version found: arrify@'^1.0.0'
ERR! message No valid targets found.
ERR! message Perhaps not compatible with your version of node?
verbose exit [ 1, true ]
